<?xml version="1.0" encoding="UTF-8"?>
<!-- Generated by org.testng.reporters.JUnitReportReporter -->
<testsuite hostname="DESKTOP-U6CHUTS" failures="0" tests="1" name="demo.Flipkart" time="9.218" errors="0" timestamp="2024-03-06T13:20:40 IST" skipped="0">
  <testcase classname="demo.Flipkart" name="demo" time="9.218"/>
  <system-out/>
</testsuite> <!-- demo.Flipkart -->
