<?xml version="1.0" encoding="UTF-8"?>
<!-- Generated by org.testng.reporters.JUnitReportReporter -->
<testsuite hostname="DESKTOP-U6CHUTS" failures="0" tests="1" name="com.shopnow.qa.pageobject.Demo" time="0.007" errors="0" timestamp="2024-03-05T17:40:05 IST" skipped="0">
  <testcase classname="com.shopnow.qa.pageobject.Demo" name="setup" time="0.007"/>
</testsuite> <!-- com.shopnow.qa.pageobject.Demo -->
