<?xml version="1.0" encoding="UTF-8"?>
<!-- Generated by org.testng.reporters.JUnitReportReporter -->
<testsuite hostname="DESKTOP-U6CHUTS" failures="0" tests="2" name="com.shopnow.qa.testcases.TC_LaptopSearchPageTest" time="0.312" errors="0" timestamp="2024-03-06T15:42:49 IST" skipped="0">
  <testcase classname="com.shopnow.qa.testcases.TC_LaptopSearchPageTest" name="verifySearchPageTitle" time="0.057"/>
  <system-out/>
  <testcase classname="com.shopnow.qa.testcases.TC_LaptopSearchPageTest" name="addToCart" time="0.255"/>
  <system-out/>
</testsuite> <!-- com.shopnow.qa.testcases.TC_LaptopSearchPageTest -->
