<?xml version="1.0" encoding="UTF-8"?>
<!-- Generated by org.testng.reporters.JUnitReportReporter -->
<testsuite hostname="DESKTOP-U6CHUTS" failures="0" tests="1" name="com.shopnow.qa.testcases.TC_ProductPageTest" time="2.944" errors="0" timestamp="2024-03-06T15:42:49 IST" skipped="0">
  <testcase classname="com.shopnow.qa.testcases.TC_ProductPageTest" name="clickOnAddToCart" time="2.944"/>
  <system-out/>
</testsuite> <!-- com.shopnow.qa.testcases.TC_ProductPageTest -->
