<?xml version="1.0" encoding="UTF-8"?>
<!-- Generated by org.testng.reporters.JUnitReportReporter -->
<testsuite hostname="DESKTOP-U6CHUTS" failures="0" tests="1" name="com.shopnow.qa.testcases.BaseTest" time="3.520" errors="0" timestamp="2024-03-05T17:39:12 IST" skipped="0">
  <testcase classname="com.shopnow.qa.testcases.BaseTest" name="setUp" time="3.520"/>
</testsuite> <!-- com.shopnow.qa.testcases.BaseTest -->
