<?xml version="1.0" encoding="UTF-8"?>
<!-- Generated by org.testng.reporters.JUnitReportReporter -->
<testsuite hostname="DESKTOP-U6CHUTS" failures="0" tests="4" name="com.shopnow.qa.testcases.TC_HomePageTest" time="2.411" errors="0" timestamp="2024-03-06T15:42:49 IST" skipped="0">
  <testcase classname="com.shopnow.qa.testcases.TC_HomePageTest" name="verifyHomePageUrl" time="0.008"/>
  <system-out/>
  <testcase classname="com.shopnow.qa.testcases.TC_HomePageTest" name="verifyHomePageLogoDisplayed" time="0.063"/>
  <system-out/>
  <testcase classname="com.shopnow.qa.testcases.TC_HomePageTest" name="verifyHomePageTitle" time="0.017"/>
  <system-out/>
  <testcase classname="com.shopnow.qa.testcases.TC_HomePageTest" name="enterItemOnSearchTextField" time="2.323"/>
  <system-out/>
</testsuite> <!-- com.shopnow.qa.testcases.TC_HomePageTest -->
