<?xml version="1.0" encoding="UTF-8"?>
<!-- Generated by org.testng.reporters.JUnitReportReporter -->
<testsuite hostname="DESKTOP-U6CHUTS" failures="0" tests="3" name="com.shopnow.qa.testcases.TC_ShoppingCartPageTest" time="1.472" errors="0" timestamp="2024-03-06T15:42:49 IST" skipped="0">
  <testcase classname="com.shopnow.qa.testcases.TC_ShoppingCartPageTest" name="verifyShoppingCartPageTitle" time="0.030"/>
  <system-out/>
  <testcase classname="com.shopnow.qa.testcases.TC_ShoppingCartPageTest" name="verifyProductInShoppingCart" time="0.200"/>
  <system-out/>
  <testcase classname="com.shopnow.qa.testcases.TC_ShoppingCartPageTest" name="clickOnPlaceOrder" time="1.242"/>
  <system-out/>
</testsuite> <!-- com.shopnow.qa.testcases.TC_ShoppingCartPageTest -->
